<?xml version="1.0" encoding="UTF-8"?>
<testsuite xmlns:xsi="http://www.w3.org/2001/XMLSchema-instance" xsi:noNamespaceSchemaLocation="https://maven.apache.org/surefire/maven-surefire-plugin/xsd/surefire-test-report-3.0.xsd" version="3.0" name="TestSuite" time="69.522" tests="14" errors="0" skipped="0" failures="1">
  <properties>
    <property name="java.specification.version" value="21"/>
    <property name="webdriver.chrome.driver" value="/home/ubuntu/.cache/selenium/chromedriver/linux64/129.0.6668.70/chromedriver"/>
    <property name="sun.jnu.encoding" value="UTF-8"/>
    <property name="java.class.path" value="/home/ubuntu/Desktop/forest.ai/automation_script/target/test-classes:/home/ubuntu/Desktop/forest.ai/automation_script/target/classes:/home/ubuntu/.m2/repository/org/seleniumhq/selenium/selenium-java/4.25.0/selenium-java-4.25.0.jar:/home/ubuntu/.m2/repository/org/seleniumhq/selenium/selenium-api/4.25.0/selenium-api-4.25.0.jar:/home/ubuntu/.m2/repository/org/jspecify/jspecify/1.0.0/jspecify-1.0.0.jar:/home/ubuntu/.m2/repository/org/seleniumhq/selenium/selenium-chrome-driver/4.25.0/selenium-chrome-driver-4.25.0.jar:/home/ubuntu/.m2/repository/com/google/auto/service/auto-service-annotations/1.1.1/auto-service-annotations-1.1.1.jar:/home/ubuntu/.m2/repository/org/seleniumhq/selenium/selenium-chromium-driver/4.25.0/selenium-chromium-driver-4.25.0.jar:/home/ubuntu/.m2/repository/org/seleniumhq/selenium/selenium-json/4.25.0/selenium-json-4.25.0.jar:/home/ubuntu/.m2/repository/org/seleniumhq/selenium/selenium-manager/4.25.0/selenium-manager-4.25.0.jar:/home/ubuntu/.m2/repository/org/seleniumhq/selenium/selenium-devtools-v127/4.25.0/selenium-devtools-v127-4.25.0.jar:/home/ubuntu/.m2/repository/org/seleniumhq/selenium/selenium-devtools-v128/4.25.0/selenium-devtools-v128-4.25.0.jar:/home/ubuntu/.m2/repository/org/seleniumhq/selenium/selenium-devtools-v129/4.25.0/selenium-devtools-v129-4.25.0.jar:/home/ubuntu/.m2/repository/org/seleniumhq/selenium/selenium-devtools-v85/4.25.0/selenium-devtools-v85-4.25.0.jar:/home/ubuntu/.m2/repository/org/seleniumhq/selenium/selenium-edge-driver/4.25.0/selenium-edge-driver-4.25.0.jar:/home/ubuntu/.m2/repository/org/seleniumhq/selenium/selenium-firefox-driver/4.25.0/selenium-firefox-driver-4.25.0.jar:/home/ubuntu/.m2/repository/org/seleniumhq/selenium/selenium-http/4.25.0/selenium-http-4.25.0.jar:/home/ubuntu/.m2/repository/dev/failsafe/failsafe/3.3.2/failsafe-3.3.2.jar:/home/ubuntu/.m2/repository/org/seleniumhq/selenium/selenium-ie-driver/4.25.0/selenium-ie-driver-4.25.0.jar:/home/ubuntu/.m2/repository/org/seleniumhq/selenium/selenium-remote-driver/4.25.0/selenium-remote-driver-4.25.0.jar:/home/ubuntu/.m2/repository/com/google/guava/guava/33.3.0-jre/guava-33.3.0-jre.jar:/home/ubuntu/.m2/repository/com/google/guava/failureaccess/1.0.2/failureaccess-1.0.2.jar:/home/ubuntu/.m2/repository/com/google/guava/listenablefuture/9999.0-empty-to-avoid-conflict-with-guava/listenablefuture-9999.0-empty-to-avoid-conflict-with-guava.jar:/home/ubuntu/.m2/repository/com/google/code/findbugs/jsr305/3.0.2/jsr305-3.0.2.jar:/home/ubuntu/.m2/repository/org/checkerframework/checker-qual/3.43.0/checker-qual-3.43.0.jar:/home/ubuntu/.m2/repository/com/google/j2objc/j2objc-annotations/3.0.0/j2objc-annotations-3.0.0.jar:/home/ubuntu/.m2/repository/io/opentelemetry/semconv/opentelemetry-semconv/1.25.0-alpha/opentelemetry-semconv-1.25.0-alpha.jar:/home/ubuntu/.m2/repository/io/opentelemetry/opentelemetry-api/1.42.1/opentelemetry-api-1.42.1.jar:/home/ubuntu/.m2/repository/io/opentelemetry/opentelemetry-context/1.42.1/opentelemetry-context-1.42.1.jar:/home/ubuntu/.m2/repository/io/opentelemetry/opentelemetry-exporter-logging/1.42.1/opentelemetry-exporter-logging-1.42.1.jar:/home/ubuntu/.m2/repository/io/opentelemetry/opentelemetry-sdk-common/1.42.1/opentelemetry-sdk-common-1.42.1.jar:/home/ubuntu/.m2/repository/io/opentelemetry/opentelemetry-sdk-extension-autoconfigure-spi/1.42.1/opentelemetry-sdk-extension-autoconfigure-spi-1.42.1.jar:/home/ubuntu/.m2/repository/io/opentelemetry/opentelemetry-sdk-extension-autoconfigure/1.42.1/opentelemetry-sdk-extension-autoconfigure-1.42.1.jar:/home/ubuntu/.m2/repository/io/opentelemetry/opentelemetry-api-incubator/1.42.1-alpha/opentelemetry-api-incubator-1.42.1-alpha.jar:/home/ubuntu/.m2/repository/io/opentelemetry/opentelemetry-sdk-trace/1.42.1/opentelemetry-sdk-trace-1.42.1.jar:/home/ubuntu/.m2/repository/io/opentelemetry/opentelemetry-sdk/1.42.1/opentelemetry-sdk-1.42.1.jar:/home/ubuntu/.m2/repository/io/opentelemetry/opentelemetry-sdk-metrics/1.42.1/opentelemetry-sdk-metrics-1.42.1.jar:/home/ubuntu/.m2/repository/io/opentelemetry/opentelemetry-sdk-logs/1.42.1/opentelemetry-sdk-logs-1.42.1.jar:/home/ubuntu/.m2/repository/net/bytebuddy/byte-buddy/1.15.1/byte-buddy-1.15.1.jar:/home/ubuntu/.m2/repository/org/seleniumhq/selenium/selenium-os/4.25.0/selenium-os-4.25.0.jar:/home/ubuntu/.m2/repository/org/apache/commons/commons-exec/1.4.0/commons-exec-1.4.0.jar:/home/ubuntu/.m2/repository/org/seleniumhq/selenium/selenium-safari-driver/4.25.0/selenium-safari-driver-4.25.0.jar:/home/ubuntu/.m2/repository/org/seleniumhq/selenium/selenium-support/4.25.0/selenium-support-4.25.0.jar:/home/ubuntu/.m2/repository/io/cucumber/cucumber-java/7.10.0/cucumber-java-7.10.0.jar:/home/ubuntu/.m2/repository/io/cucumber/cucumber-core/7.10.0/cucumber-core-7.10.0.jar:/home/ubuntu/.m2/repository/io/cucumber/cucumber-gherkin/7.10.0/cucumber-gherkin-7.10.0.jar:/home/ubuntu/.m2/repository/io/cucumber/cucumber-gherkin-messages/7.10.0/cucumber-gherkin-messages-7.10.0.jar:/home/ubuntu/.m2/repository/io/cucumber/gherkin/25.0.2/gherkin-25.0.2.jar:/home/ubuntu/.m2/repository/io/cucumber/messages/19.1.4/messages-19.1.4.jar:/home/ubuntu/.m2/repository/io/cucumber/tag-expressions/4.1.0/tag-expressions-4.1.0.jar:/home/ubuntu/.m2/repository/io/cucumber/cucumber-expressions/16.1.1/cucumber-expressions-16.1.1.jar:/home/ubuntu/.m2/repository/io/cucumber/datatable/7.10.0/datatable-7.10.0.jar:/home/ubuntu/.m2/repository/io/cucumber/cucumber-plugin/7.10.0/cucumber-plugin-7.10.0.jar:/home/ubuntu/.m2/repository/io/cucumber/docstring/7.10.0/docstring-7.10.0.jar:/home/ubuntu/.m2/repository/io/cucumber/html-formatter/20.2.0/html-formatter-20.2.0.jar:/home/ubuntu/.m2/repository/io/cucumber/ci-environment/9.1.0/ci-environment-9.1.0.jar:/home/ubuntu/.m2/repository/org/apiguardian/apiguardian-api/1.1.2/apiguardian-api-1.1.2.jar:/home/ubuntu/.m2/repository/io/cucumber/cucumber-testng/7.10.0/cucumber-testng-7.10.0.jar:/home/ubuntu/.m2/repository/org/testng/testng/7.10.2/testng-7.10.2.jar:/home/ubuntu/.m2/repository/org/slf4j/slf4j-api/1.7.36/slf4j-api-1.7.36.jar:/home/ubuntu/.m2/repository/com/beust/jcommander/1.82/jcommander-1.82.jar:/home/ubuntu/.m2/repository/org/webjars/jquery/3.7.1/jquery-3.7.1.jar:/home/ubuntu/.m2/repository/io/github/bonigarcia/webdrivermanager/5.9.2/webdrivermanager-5.9.2.jar:/home/ubuntu/.m2/repository/com/google/code/gson/gson/2.11.0/gson-2.11.0.jar:/home/ubuntu/.m2/repository/com/google/errorprone/error_prone_annotations/2.27.0/error_prone_annotations-2.27.0.jar:/home/ubuntu/.m2/repository/com/github/docker-java/docker-java/3.4.0/docker-java-3.4.0.jar:/home/ubuntu/.m2/repository/com/github/docker-java/docker-java-core/3.4.0/docker-java-core-3.4.0.jar:/home/ubuntu/.m2/repository/com/github/docker-java/docker-java-api/3.4.0/docker-java-api-3.4.0.jar:/home/ubuntu/.m2/repository/com/fasterxml/jackson/core/jackson-annotations/2.10.3/jackson-annotations-2.10.3.jar:/home/ubuntu/.m2/repository/com/fasterxml/jackson/core/jackson-databind/2.10.3/jackson-databind-2.10.3.jar:/home/ubuntu/.m2/repository/com/fasterxml/jackson/core/jackson-core/2.10.3/jackson-core-2.10.3.jar:/home/ubuntu/.m2/repository/org/slf4j/jcl-over-slf4j/1.7.30/jcl-over-slf4j-1.7.30.jar:/home/ubuntu/.m2/repository/com/github/docker-java/docker-java-transport-httpclient5/3.4.0/docker-java-transport-httpclient5-3.4.0.jar:/home/ubuntu/.m2/repository/com/github/docker-java/docker-java-transport/3.4.0/docker-java-transport-3.4.0.jar:/home/ubuntu/.m2/repository/net/java/dev/jna/jna/5.13.0/jna-5.13.0.jar:/home/ubuntu/.m2/repository/org/brotli/dec/0.1.2/dec-0.1.2.jar:/home/ubuntu/.m2/repository/org/apache/commons/commons-lang3/3.15.0/commons-lang3-3.15.0.jar:/home/ubuntu/.m2/repository/org/apache/commons/commons-compress/1.26.2/commons-compress-1.26.2.jar:/home/ubuntu/.m2/repository/commons-codec/commons-codec/1.17.0/commons-codec-1.17.0.jar:/home/ubuntu/.m2/repository/commons-io/commons-io/2.16.1/commons-io-2.16.1.jar:/home/ubuntu/.m2/repository/org/apache/httpcomponents/client5/httpclient5/5.2.1/httpclient5-5.2.1.jar:/home/ubuntu/.m2/repository/org/apache/httpcomponents/core5/httpcore5/5.2/httpcore5-5.2.jar:/home/ubuntu/.m2/repository/org/apache/httpcomponents/core5/httpcore5-h2/5.2/httpcore5-h2-5.2.jar:/home/ubuntu/.m2/repository/org/jetbrains/annotations/25.0.0/annotations-25.0.0.jar:"/>
    <property name="java.vm.vendor" value="Ubuntu"/>
    <property name="sun.arch.data.model" value="64"/>
    <property name="java.vendor.url" value="https://ubuntu.com/"/>
    <property name="user.timezone" value="Asia/Jakarta"/>
    <property name="suiteXmlFile" value="testng.xml"/>
    <property name="os.name" value="Linux"/>
    <property name="java.vm.specification.version" value="21"/>
    <property name="sun.java.launcher" value="SUN_STANDARD"/>
    <property name="user.country" value="US"/>
    <property name="sun.boot.library.path" value="/usr/lib/jvm/java-21-openjdk-amd64/lib"/>
    <property name="sun.java.command" value="/home/ubuntu/Desktop/forest.ai/automation_script/target/surefire/surefirebooter11804190386931638245.jar /home/ubuntu/Desktop/forest.ai/automation_script/target/surefire 2024-09-26T12-03-25_970-jvmRun1 surefire5355363339844493816tmp surefire_07153224383629614884tmp"/>
    <property name="jdk.debug" value="release"/>
    <property name="surefire.test.class.path" value="/home/ubuntu/Desktop/forest.ai/automation_script/target/test-classes:/home/ubuntu/Desktop/forest.ai/automation_script/target/classes:/home/ubuntu/.m2/repository/org/seleniumhq/selenium/selenium-java/4.25.0/selenium-java-4.25.0.jar:/home/ubuntu/.m2/repository/org/seleniumhq/selenium/selenium-api/4.25.0/selenium-api-4.25.0.jar:/home/ubuntu/.m2/repository/org/jspecify/jspecify/1.0.0/jspecify-1.0.0.jar:/home/ubuntu/.m2/repository/org/seleniumhq/selenium/selenium-chrome-driver/4.25.0/selenium-chrome-driver-4.25.0.jar:/home/ubuntu/.m2/repository/com/google/auto/service/auto-service-annotations/1.1.1/auto-service-annotations-1.1.1.jar:/home/ubuntu/.m2/repository/org/seleniumhq/selenium/selenium-chromium-driver/4.25.0/selenium-chromium-driver-4.25.0.jar:/home/ubuntu/.m2/repository/org/seleniumhq/selenium/selenium-json/4.25.0/selenium-json-4.25.0.jar:/home/ubuntu/.m2/repository/org/seleniumhq/selenium/selenium-manager/4.25.0/selenium-manager-4.25.0.jar:/home/ubuntu/.m2/repository/org/seleniumhq/selenium/selenium-devtools-v127/4.25.0/selenium-devtools-v127-4.25.0.jar:/home/ubuntu/.m2/repository/org/seleniumhq/selenium/selenium-devtools-v128/4.25.0/selenium-devtools-v128-4.25.0.jar:/home/ubuntu/.m2/repository/org/seleniumhq/selenium/selenium-devtools-v129/4.25.0/selenium-devtools-v129-4.25.0.jar:/home/ubuntu/.m2/repository/org/seleniumhq/selenium/selenium-devtools-v85/4.25.0/selenium-devtools-v85-4.25.0.jar:/home/ubuntu/.m2/repository/org/seleniumhq/selenium/selenium-edge-driver/4.25.0/selenium-edge-driver-4.25.0.jar:/home/ubuntu/.m2/repository/org/seleniumhq/selenium/selenium-firefox-driver/4.25.0/selenium-firefox-driver-4.25.0.jar:/home/ubuntu/.m2/repository/org/seleniumhq/selenium/selenium-http/4.25.0/selenium-http-4.25.0.jar:/home/ubuntu/.m2/repository/dev/failsafe/failsafe/3.3.2/failsafe-3.3.2.jar:/home/ubuntu/.m2/repository/org/seleniumhq/selenium/selenium-ie-driver/4.25.0/selenium-ie-driver-4.25.0.jar:/home/ubuntu/.m2/repository/org/seleniumhq/selenium/selenium-remote-driver/4.25.0/selenium-remote-driver-4.25.0.jar:/home/ubuntu/.m2/repository/com/google/guava/guava/33.3.0-jre/guava-33.3.0-jre.jar:/home/ubuntu/.m2/repository/com/google/guava/failureaccess/1.0.2/failureaccess-1.0.2.jar:/home/ubuntu/.m2/repository/com/google/guava/listenablefuture/9999.0-empty-to-avoid-conflict-with-guava/listenablefuture-9999.0-empty-to-avoid-conflict-with-guava.jar:/home/ubuntu/.m2/repository/com/google/code/findbugs/jsr305/3.0.2/jsr305-3.0.2.jar:/home/ubuntu/.m2/repository/org/checkerframework/checker-qual/3.43.0/checker-qual-3.43.0.jar:/home/ubuntu/.m2/repository/com/google/j2objc/j2objc-annotations/3.0.0/j2objc-annotations-3.0.0.jar:/home/ubuntu/.m2/repository/io/opentelemetry/semconv/opentelemetry-semconv/1.25.0-alpha/opentelemetry-semconv-1.25.0-alpha.jar:/home/ubuntu/.m2/repository/io/opentelemetry/opentelemetry-api/1.42.1/opentelemetry-api-1.42.1.jar:/home/ubuntu/.m2/repository/io/opentelemetry/opentelemetry-context/1.42.1/opentelemetry-context-1.42.1.jar:/home/ubuntu/.m2/repository/io/opentelemetry/opentelemetry-exporter-logging/1.42.1/opentelemetry-exporter-logging-1.42.1.jar:/home/ubuntu/.m2/repository/io/opentelemetry/opentelemetry-sdk-common/1.42.1/opentelemetry-sdk-common-1.42.1.jar:/home/ubuntu/.m2/repository/io/opentelemetry/opentelemetry-sdk-extension-autoconfigure-spi/1.42.1/opentelemetry-sdk-extension-autoconfigure-spi-1.42.1.jar:/home/ubuntu/.m2/repository/io/opentelemetry/opentelemetry-sdk-extension-autoconfigure/1.42.1/opentelemetry-sdk-extension-autoconfigure-1.42.1.jar:/home/ubuntu/.m2/repository/io/opentelemetry/opentelemetry-api-incubator/1.42.1-alpha/opentelemetry-api-incubator-1.42.1-alpha.jar:/home/ubuntu/.m2/repository/io/opentelemetry/opentelemetry-sdk-trace/1.42.1/opentelemetry-sdk-trace-1.42.1.jar:/home/ubuntu/.m2/repository/io/opentelemetry/opentelemetry-sdk/1.42.1/opentelemetry-sdk-1.42.1.jar:/home/ubuntu/.m2/repository/io/opentelemetry/opentelemetry-sdk-metrics/1.42.1/opentelemetry-sdk-metrics-1.42.1.jar:/home/ubuntu/.m2/repository/io/opentelemetry/opentelemetry-sdk-logs/1.42.1/opentelemetry-sdk-logs-1.42.1.jar:/home/ubuntu/.m2/repository/net/bytebuddy/byte-buddy/1.15.1/byte-buddy-1.15.1.jar:/home/ubuntu/.m2/repository/org/seleniumhq/selenium/selenium-os/4.25.0/selenium-os-4.25.0.jar:/home/ubuntu/.m2/repository/org/apache/commons/commons-exec/1.4.0/commons-exec-1.4.0.jar:/home/ubuntu/.m2/repository/org/seleniumhq/selenium/selenium-safari-driver/4.25.0/selenium-safari-driver-4.25.0.jar:/home/ubuntu/.m2/repository/org/seleniumhq/selenium/selenium-support/4.25.0/selenium-support-4.25.0.jar:/home/ubuntu/.m2/repository/io/cucumber/cucumber-java/7.10.0/cucumber-java-7.10.0.jar:/home/ubuntu/.m2/repository/io/cucumber/cucumber-core/7.10.0/cucumber-core-7.10.0.jar:/home/ubuntu/.m2/repository/io/cucumber/cucumber-gherkin/7.10.0/cucumber-gherkin-7.10.0.jar:/home/ubuntu/.m2/repository/io/cucumber/cucumber-gherkin-messages/7.10.0/cucumber-gherkin-messages-7.10.0.jar:/home/ubuntu/.m2/repository/io/cucumber/gherkin/25.0.2/gherkin-25.0.2.jar:/home/ubuntu/.m2/repository/io/cucumber/messages/19.1.4/messages-19.1.4.jar:/home/ubuntu/.m2/repository/io/cucumber/tag-expressions/4.1.0/tag-expressions-4.1.0.jar:/home/ubuntu/.m2/repository/io/cucumber/cucumber-expressions/16.1.1/cucumber-expressions-16.1.1.jar:/home/ubuntu/.m2/repository/io/cucumber/datatable/7.10.0/datatable-7.10.0.jar:/home/ubuntu/.m2/repository/io/cucumber/cucumber-plugin/7.10.0/cucumber-plugin-7.10.0.jar:/home/ubuntu/.m2/repository/io/cucumber/docstring/7.10.0/docstring-7.10.0.jar:/home/ubuntu/.m2/repository/io/cucumber/html-formatter/20.2.0/html-formatter-20.2.0.jar:/home/ubuntu/.m2/repository/io/cucumber/ci-environment/9.1.0/ci-environment-9.1.0.jar:/home/ubuntu/.m2/repository/org/apiguardian/apiguardian-api/1.1.2/apiguardian-api-1.1.2.jar:/home/ubuntu/.m2/repository/io/cucumber/cucumber-testng/7.10.0/cucumber-testng-7.10.0.jar:/home/ubuntu/.m2/repository/org/testng/testng/7.10.2/testng-7.10.2.jar:/home/ubuntu/.m2/repository/org/slf4j/slf4j-api/1.7.36/slf4j-api-1.7.36.jar:/home/ubuntu/.m2/repository/com/beust/jcommander/1.82/jcommander-1.82.jar:/home/ubuntu/.m2/repository/org/webjars/jquery/3.7.1/jquery-3.7.1.jar:/home/ubuntu/.m2/repository/io/github/bonigarcia/webdrivermanager/5.9.2/webdrivermanager-5.9.2.jar:/home/ubuntu/.m2/repository/com/google/code/gson/gson/2.11.0/gson-2.11.0.jar:/home/ubuntu/.m2/repository/com/google/errorprone/error_prone_annotations/2.27.0/error_prone_annotations-2.27.0.jar:/home/ubuntu/.m2/repository/com/github/docker-java/docker-java/3.4.0/docker-java-3.4.0.jar:/home/ubuntu/.m2/repository/com/github/docker-java/docker-java-core/3.4.0/docker-java-core-3.4.0.jar:/home/ubuntu/.m2/repository/com/github/docker-java/docker-java-api/3.4.0/docker-java-api-3.4.0.jar:/home/ubuntu/.m2/repository/com/fasterxml/jackson/core/jackson-annotations/2.10.3/jackson-annotations-2.10.3.jar:/home/ubuntu/.m2/repository/com/fasterxml/jackson/core/jackson-databind/2.10.3/jackson-databind-2.10.3.jar:/home/ubuntu/.m2/repository/com/fasterxml/jackson/core/jackson-core/2.10.3/jackson-core-2.10.3.jar:/home/ubuntu/.m2/repository/org/slf4j/jcl-over-slf4j/1.7.30/jcl-over-slf4j-1.7.30.jar:/home/ubuntu/.m2/repository/com/github/docker-java/docker-java-transport-httpclient5/3.4.0/docker-java-transport-httpclient5-3.4.0.jar:/home/ubuntu/.m2/repository/com/github/docker-java/docker-java-transport/3.4.0/docker-java-transport-3.4.0.jar:/home/ubuntu/.m2/repository/net/java/dev/jna/jna/5.13.0/jna-5.13.0.jar:/home/ubuntu/.m2/repository/org/brotli/dec/0.1.2/dec-0.1.2.jar:/home/ubuntu/.m2/repository/org/apache/commons/commons-lang3/3.15.0/commons-lang3-3.15.0.jar:/home/ubuntu/.m2/repository/org/apache/commons/commons-compress/1.26.2/commons-compress-1.26.2.jar:/home/ubuntu/.m2/repository/commons-codec/commons-codec/1.17.0/commons-codec-1.17.0.jar:/home/ubuntu/.m2/repository/commons-io/commons-io/2.16.1/commons-io-2.16.1.jar:/home/ubuntu/.m2/repository/org/apache/httpcomponents/client5/httpclient5/5.2.1/httpclient5-5.2.1.jar:/home/ubuntu/.m2/repository/org/apache/httpcomponents/core5/httpcore5/5.2/httpcore5-5.2.jar:/home/ubuntu/.m2/repository/org/apache/httpcomponents/core5/httpcore5-h2/5.2/httpcore5-h2-5.2.jar:/home/ubuntu/.m2/repository/org/jetbrains/annotations/25.0.0/annotations-25.0.0.jar:"/>
    <property name="sun.cpu.endian" value="little"/>
    <property name="user.home" value="/home/ubuntu"/>
    <property name="user.language" value="en"/>
    <property name="java.specification.vendor" value="Oracle Corporation"/>
    <property name="java.version.date" value="2024-07-16"/>
    <property name="java.home" value="/usr/lib/jvm/java-21-openjdk-amd64"/>
    <property name="file.separator" value="/"/>
    <property name="basedir" value="/home/ubuntu/Desktop/forest.ai/automation_script"/>
    <property name="java.vm.compressedOopsMode" value="Zero based"/>
    <property name="line.separator" value="&#10;"/>
    <property name="java.vm.specification.vendor" value="Oracle Corporation"/>
    <property name="java.specification.name" value="Java Platform API Specification"/>
    <property name="surefire.real.class.path" value="/home/ubuntu/Desktop/forest.ai/automation_script/target/surefire/surefirebooter11804190386931638245.jar"/>
    <property name="sun.management.compiler" value="HotSpot 64-Bit Tiered Compilers"/>
    <property name="java.runtime.version" value="21.0.4+7-Ubuntu-1ubuntu224.04"/>
    <property name="user.name" value="ubuntu"/>
    <property name="stdout.encoding" value="UTF-8"/>
    <property name="path.separator" value=":"/>
    <property name="os.version" value="6.8.0-45-generic"/>
    <property name="java.runtime.name" value="OpenJDK Runtime Environment"/>
    <property name="file.encoding" value="UTF-8"/>
    <property name="java.vm.name" value="OpenJDK 64-Bit Server VM"/>
    <property name="localRepository" value="/home/ubuntu/.m2/repository"/>
    <property name="java.vendor.url.bug" value="https://bugs.launchpad.net/ubuntu/+source/openjdk-21"/>
    <property name="java.io.tmpdir" value="/tmp"/>
    <property name="java.version" value="21.0.4"/>
    <property name="user.dir" value="/home/ubuntu/Desktop/forest.ai/automation_script"/>
    <property name="os.arch" value="amd64"/>
    <property name="java.vm.specification.name" value="Java Virtual Machine Specification"/>
    <property name="native.encoding" value="UTF-8"/>
    <property name="java.library.path" value="/usr/java/packages/lib:/usr/lib/x86_64-linux-gnu/jni:/lib/x86_64-linux-gnu:/usr/lib/x86_64-linux-gnu:/usr/lib/jni:/lib:/usr/lib"/>
    <property name="java.vm.info" value="mixed mode, sharing"/>
    <property name="stderr.encoding" value="UTF-8"/>
    <property name="java.vendor" value="Ubuntu"/>
    <property name="java.vm.version" value="21.0.4+7-Ubuntu-1ubuntu224.04"/>
    <property name="sun.io.unicode.encoding" value="UnicodeLittle"/>
    <property name="java.class.version" value="65.0"/>
  </properties>
  <testcase name="runScenario[&quot;Verify job page title software engineer&quot;, &quot;Careers functionality&quot;](1)" classname="runner.TestRunner" time="5.809">
    <system-out><![CDATA[
@career
Scenario: Verify job page title software engineer         # src/test/resources/features/careers.feature:4
  Given User opens careers page                           # stepdefinitions.CareersPageSteps.user_opens_careers_page()
  When User clicks job card software engineer             # stepdefinitions.CareersPageSteps.user_clicks_job_card_software_engineer()
  Then User sees correct job page title software engineer # stepdefinitions.CareersPageSteps.user_sees_correct_job_page_title_software_engineer()
]]></system-out>
    <system-err><![CDATA[SLF4J: Failed to load class "org.slf4j.impl.StaticLoggerBinder".
SLF4J: Defaulting to no-operation (NOP) logger implementation
SLF4J: See http://www.slf4j.org/codes.html#StaticLoggerBinder for further details.
]]></system-err>
  </testcase>
  <testcase name="runScenario[&quot;Verify job page title qa engineer&quot;, &quot;Careers functionality&quot;](2)" classname="runner.TestRunner" time="4.926">
    <system-out><![CDATA[
@career
Scenario: Verify job page title qa engineer         # src/test/resources/features/careers.feature:9
  Given User opens careers page                     # stepdefinitions.CareersPageSteps.user_opens_careers_page()
  When User clicks job card qa engineer             # stepdefinitions.CareersPageSteps.user_clicks_job_card_qa_engineer()
  Then User sees correct job page title qa engineer # stepdefinitions.CareersPageSteps.user_sees_correct_job_page_title_qa_engineer()
]]></system-out>
  </testcase>
  <testcase name="runScenario[&quot;Verify job page title qa engineer&quot;, &quot;Careers functionality&quot;](3)" classname="runner.TestRunner" time="6.023">
    <system-out><![CDATA[
@career
Scenario: Verify job page title qa engineer             # src/test/resources/features/careers.feature:14
  Given User opens careers page                         # stepdefinitions.CareersPageSteps.user_opens_careers_page()
  When User clicks job card unity developer             # stepdefinitions.CareersPageSteps.user_clicks_job_card_unity_developer()
  Then User sees correct job page title unity developer # stepdefinitions.CareersPageSteps.user_sees_correct_job_page_title_unity_developer()
]]></system-out>
  </testcase>
  <testcase name="runScenario[&quot;Verify homepage title&quot;, &quot;Home functionality&quot;](4)" classname="runner.TestRunner" time="2.221">
    <system-out><![CDATA[
@home
Scenario: Verify homepage title         # src/test/resources/features/home.feature:4
  Given User opens homepage             # stepdefinitions.HomePageSteps.user_opens_homepage()
  Then User sees correct homepage title # stepdefinitions.HomePageSteps.user_sees_correct_homepage_title()
]]></system-out>
  </testcase>
  <testcase name="runScenario[&quot;Verify navigation to career page&quot;, &quot;Home functionality&quot;](5)" classname="runner.TestRunner" time="8.344">
    <system-out><![CDATA[
@home
Scenario: Verify navigation to career page  # src/test/resources/features/home.feature:9
  Given User opens homepage                 # stepdefinitions.HomePageSteps.user_opens_homepage()
  When User clicks career link              # stepdefinitions.HomePageSteps.user_clicks_career_link()
  Then User sees correct careers page title # stepdefinitions.HomePageSteps.user_sees_correct_careers_page_title()
]]></system-out>
  </testcase>
  <testcase name="runScenario[&quot;Verify success fill personal data&quot;, &quot;Job Application&quot;](6)" classname="runner.TestRunner" time="2.828">
    <system-out><![CDATA[
@job_application
Scenario: Verify success fill personal data # src/test/resources/features/job.feature:4
  Given User opens qa engineer job          # stepdefinitions.JobPageSteps.user_open_qa_engineer_job()
  When User apply the job                   # stepdefinitions.JobPageSteps.user_apply_the_job()
  When User fills personal data             # stepdefinitions.JobPageSteps.user_fills_personal_data()
  Then User sees upload cv form             # stepdefinitions.JobPageSteps.user_sees_upload_cv_form()
]]></system-out>
  </testcase>
  <testcase name="runScenario[&quot;Verify success upload cv&quot;, &quot;Job Application&quot;](7)" classname="runner.TestRunner" time="4.829">
    <system-out><![CDATA[
@job_application
Scenario: Verify success upload cv # src/test/resources/features/job.feature:10
  Given User opens qa engineer job # stepdefinitions.JobPageSteps.user_open_qa_engineer_job()
  When User apply the job          # stepdefinitions.JobPageSteps.user_apply_the_job()
  When User fills personal data    # stepdefinitions.JobPageSteps.user_fills_personal_data()
  When User uploads valid cv       # stepdefinitions.JobPageSteps.user_uploads_valid_cv()
  Then User sees complete info     # stepdefinitions.JobPageSteps.user_sees_complete_info()
]]></system-out>
  </testcase>
  <testcase name="runScenario[&quot;Verify success upload cv by drag and drop&quot;, &quot;Job Application&quot;](8)" classname="runner.TestRunner" time="13.293">
    <failure message="Expected condition failed: waiting for presence of element located by: By.xpath: //div[div[@data-testid=&quot;tooltip-career-detail-upload-file&quot;]]//span[text()=&quot;Complete&quot;] (tried for 10 second(s) with 500 milliseconds interval)" type="org.openqa.selenium.TimeoutException"><![CDATA[org.openqa.selenium.TimeoutException: Expected condition failed: waiting for presence of element located by: By.xpath: //div[div[@data-testid="tooltip-career-detail-upload-file"]]//span[text()="Complete"] (tried for 10 second(s) with 500 milliseconds interval)
Caused by: org.openqa.selenium.NoSuchElementException: 
no such element: Unable to locate element: {"method":"xpath","selector":"//div[div[@data-testid="tooltip-career-detail-upload-file"]]//span[text()="Complete"]"}
  (Session info: chrome=129.0.6668.58)
For documentation on this error, please visit: https://www.selenium.dev/documentation/webdriver/troubleshooting/errors#no-such-element-exception
Build info: version: '4.25.0', revision: '8a8aea2337'
System info: os.name: 'Linux', os.arch: 'amd64', os.version: '6.8.0-45-generic', java.version: '21.0.4'
Driver info: org.openqa.selenium.chrome.ChromeDriver
Command: [e857badb26f58d0b6fb07e965b97e422, findElement {value=//div[div[@data-testid="tooltip-career-detail-upload-file"]]//span[text()="Complete"], using=xpath}]
Capabilities {acceptInsecureCerts: false, browserName: chrome, browserVersion: 129.0.6668.58, chrome: {chromedriverVersion: 129.0.6668.70 (df87d5cf12b1..., userDataDir: /tmp/.org.chromium.Chromium...}, fedcm:accounts: true, goog:chromeOptions: {debuggerAddress: localhost:32991}, networkConnectionEnabled: false, pageLoadStrategy: normal, platformName: linux, proxy: Proxy(), se:cdp: ws://localhost:32991/devtoo..., se:cdpVersion: 129.0.6668.58, setWindowRect: true, strictFileInteractability: false, timeouts: {implicit: 0, pageLoad: 300000, script: 30000}, unhandledPromptBehavior: dismiss and notify, webauthn:extension:credBlob: true, webauthn:extension:largeBlob: true, webauthn:extension:minPinLength: true, webauthn:extension:prf: true, webauthn:virtualAuthenticators: true}
Session ID: e857badb26f58d0b6fb07e965b97e422
]]></failure>
    <system-out><![CDATA[
@job_application
Scenario: Verify success upload cv by drag and drop # src/test/resources/features/job.feature:18
  Given User opens qa engineer job                  # stepdefinitions.JobPageSteps.user_open_qa_engineer_job()
  When User apply the job                           # stepdefinitions.JobPageSteps.user_apply_the_job()
  When User fills personal data                     # stepdefinitions.JobPageSteps.user_fills_personal_data()
  When User drag and drop valid cv                  # stepdefinitions.JobPageSteps.user_drag_and_drop_valid_cv()
      org.openqa.selenium.TimeoutException: Expected condition failed: waiting for presence of element located by: By.xpath: //div[div[@data-testid="tooltip-career-detail-upload-file"]]//span[text()="Complete"] (tried for 10 second(s) with 500 milliseconds interval)
	at org.openqa.selenium.support.ui.WebDriverWait.timeoutException(WebDriverWait.java:84)
	at org.openqa.selenium.support.ui.FluentWait.until(FluentWait.java:228)
	at pages.BasePage.waitUntilPresence(BasePage.java:23)
	at pages.JobPage.uploadCvUsingDragAndDrop(JobPage.java:99)
	at stepdefinitions.JobPageSteps.user_drag_and_drop_valid_cv(JobPageSteps.java:124)
	at âœ½.User drag and drop valid cv(file:///home/ubuntu/Desktop/forest.ai/automation_script/src/test/resources/features/job.feature:22)
Caused by: org.openqa.selenium.NoSuchElementException: no such element: Unable to locate element: {"method":"xpath","selector":"//div[div[@data-testid="tooltip-career-detail-upload-file"]]//span[text()="Complete"]"}
  (Session info: chrome=129.0.6668.58)
For documentation on this error, please visit: https://www.selenium.dev/documentation/webdriver/troubleshooting/errors#no-such-element-exception
Build info: version: '4.25.0', revision: '8a8aea2337'
System info: os.name: 'Linux', os.arch: 'amd64', os.version: '6.8.0-45-generic', java.version: '21.0.4'
Driver info: org.openqa.selenium.chrome.ChromeDriver
Command: [e857badb26f58d0b6fb07e965b97e422, findElement {value=//div[div[@data-testid="tooltip-career-detail-upload-file"]]//span[text()="Complete"], using=xpath}]
Capabilities {acceptInsecureCerts: false, browserName: chrome, browserVersion: 129.0.6668.58, chrome: {chromedriverVersion: 129.0.6668.70 (df87d5cf12b1..., userDataDir: /tmp/.org.chromium.Chromium...}, fedcm:accounts: true, goog:chromeOptions: {debuggerAddress: localhost:32991}, networkConnectionEnabled: false, pageLoadStrategy: normal, platformName: linux, proxy: Proxy(), se:cdp: ws://localhost:32991/devtoo..., se:cdpVersion: 129.0.6668.58, setWindowRect: true, strictFileInteractability: false, timeouts: {implicit: 0, pageLoad: 300000, script: 30000}, unhandledPromptBehavior: dismiss and notify, webauthn:extension:credBlob: true, webauthn:extension:largeBlob: true, webauthn:extension:minPinLength: true, webauthn:extension:prf: true, webauthn:virtualAuthenticators: true}
Session ID: e857badb26f58d0b6fb07e965b97e422
	at java.base/jdk.internal.reflect.DirectConstructorHandleAccessor.newInstance(DirectConstructorHandleAccessor.java:62)
	at java.base/java.lang.reflect.Constructor.newInstanceWithCaller(Constructor.java:502)
	at java.base/java.lang.reflect.Constructor.newInstance(Constructor.java:486)
	at org.openqa.selenium.remote.ErrorCodec.decode(ErrorCodec.java:167)
	at org.openqa.selenium.remote.codec.w3c.W3CHttpResponseCodec.decode(W3CHttpResponseCodec.java:138)
	at org.openqa.selenium.remote.codec.w3c.W3CHttpResponseCodec.decode(W3CHttpResponseCodec.java:50)
	at org.openqa.selenium.remote.HttpCommandExecutor.execute(HttpCommandExecutor.java:190)
	at org.openqa.selenium.remote.service.DriverCommandExecutor.invokeExecute(DriverCommandExecutor.java:216)
	at org.openqa.selenium.remote.service.DriverCommandExecutor.execute(DriverCommandExecutor.java:174)
	at org.openqa.selenium.remote.RemoteWebDriver.execute(RemoteWebDriver.java:545)
	at org.openqa.selenium.remote.ElementLocation$ElementFinder$2.findElement(ElementLocation.java:165)
	at org.openqa.selenium.remote.ElementLocation.findElement(ElementLocation.java:59)
	at org.openqa.selenium.remote.RemoteWebDriver.findElement(RemoteWebDriver.java:368)
	at org.openqa.selenium.remote.RemoteWebDriver.findElement(RemoteWebDriver.java:362)
	at org.openqa.selenium.support.ui.ExpectedConditions$6.apply(ExpectedConditions.java:171)
	at org.openqa.selenium.support.ui.ExpectedConditions$6.apply(ExpectedConditions.java:168)
	at org.openqa.selenium.support.ui.FluentWait.until(FluentWait.java:203)
	at pages.BasePage.waitUntilPresence(BasePage.java:23)
	at pages.JobPage.uploadCvUsingDragAndDrop(JobPage.java:99)
	at stepdefinitions.JobPageSteps.user_drag_and_drop_valid_cv(JobPageSteps.java:124)
	at java.base/jdk.internal.reflect.DirectMethodHandleAccessor.invoke(DirectMethodHandleAccessor.java:103)
	at java.base/java.lang.reflect.Method.invoke(Method.java:580)
	at io.cucumber.java.Invoker.doInvoke(Invoker.java:66)
	at io.cucumber.java.Invoker.invoke(Invoker.java:24)
	at io.cucumber.java.AbstractGlueDefinition.invokeMethod(AbstractGlueDefinition.java:47)
	at io.cucumber.java.JavaStepDefinition.execute(JavaStepDefinition.java:29)
	at io.cucumber.core.runner.CoreStepDefinition.execute(CoreStepDefinition.java:66)
	at io.cucumber.core.runner.PickleStepDefinitionMatch.runStep(PickleStepDefinitionMatch.java:63)
	at io.cucumber.core.runner.ExecutionMode$1.execute(ExecutionMode.java:10)
	at io.cucumber.core.runner.TestStep.executeStep(TestStep.java:85)
	at io.cucumber.core.runner.TestStep.run(TestStep.java:57)
	at io.cucumber.core.runner.PickleStepTestStep.run(PickleStepTestStep.java:51)
	at io.cucumber.core.runner.TestCase.run(TestCase.java:84)
	at io.cucumber.core.runner.Runner.runPickle(Runner.java:75)
	at io.cucumber.testng.TestNGCucumberRunner.lambda$runScenario$1(TestNGCucumberRunner.java:132)
	at io.cucumber.core.runtime.CucumberExecutionContext.lambda$runTestCase$5(CucumberExecutionContext.java:129)
	at io.cucumber.core.runtime.RethrowingThrowableCollector.executeAndThrow(RethrowingThrowableCollector.java:23)
	at io.cucumber.core.runtime.CucumberExecutionContext.runTestCase(CucumberExecutionContext.java:129)
	at io.cucumber.testng.TestNGCucumberRunner.runScenario(TestNGCucumberRunner.java:129)
	at io.cucumber.testng.AbstractTestNGCucumberTests.runScenario(AbstractTestNGCucumberTests.java:35)
	at java.base/jdk.internal.reflect.DirectMethodHandleAccessor.invoke(DirectMethodHandleAccessor.java:103)
	at java.base/java.lang.reflect.Method.invoke(Method.java:580)
	at org.testng.internal.invokers.MethodInvocationHelper.invokeMethod(MethodInvocationHelper.java:141)
	at org.testng.internal.invokers.TestInvoker.invokeMethod(TestInvoker.java:686)
	at org.testng.internal.invokers.TestInvoker.invokeTestMethod(TestInvoker.java:230)
	at org.testng.internal.invokers.MethodRunner.runInSequence(MethodRunner.java:63)
	at org.testng.internal.invokers.TestInvoker$MethodInvocationAgent.invoke(TestInvoker.java:992)
	at org.testng.internal.invokers.TestInvoker.invokeTestMethods(TestInvoker.java:203)
	at org.testng.internal.invokers.TestMethodWorker.invokeTestMethods(TestMethodWorker.java:154)
	at org.testng.internal.invokers.TestMethodWorker.run(TestMethodWorker.java:134)
	at java.base/java.util.ArrayList.forEach(ArrayList.java:1596)
	at org.testng.TestRunner.privateRun(TestRunner.java:739)
	at org.testng.TestRunner.run(TestRunner.java:614)
	at org.testng.SuiteRunner.runTest(SuiteRunner.java:421)
	at org.testng.SuiteRunner.runSequentially(SuiteRunner.java:413)
	at org.testng.SuiteRunner.privateRun(SuiteRunner.java:373)
	at org.testng.SuiteRunner.run(SuiteRunner.java:312)
	at org.testng.SuiteRunnerWorker.runSuite(SuiteRunnerWorker.java:52)
	at org.testng.SuiteRunnerWorker.run(SuiteRunnerWorker.java:95)
	at org.testng.TestNG.runSuitesSequentially(TestNG.java:1274)
	at org.testng.TestNG.runSuitesLocally(TestNG.java:1208)
	at org.testng.TestNG.runSuites(TestNG.java:1112)
	at org.testng.TestNG.run(TestNG.java:1079)
	at org.apache.maven.surefire.testng.TestNGExecutor.run(TestNGExecutor.java:284)
	at org.apache.maven.surefire.testng.TestNGXmlTestSuite.execute(TestNGXmlTestSuite.java:75)
	at org.apache.maven.surefire.testng.TestNGProvider.invoke(TestNGProvider.java:119)
	at org.apache.maven.surefire.booter.ForkedBooter.runSuitesInProcess(ForkedBooter.java:428)
	at org.apache.maven.surefire.booter.ForkedBooter.execute(ForkedBooter.java:162)
	at org.apache.maven.surefire.booter.ForkedBooter.run(ForkedBooter.java:562)
	at org.apache.maven.surefire.booter.ForkedBooter.main(ForkedBooter.java:548)

  Then User sees complete info                      # stepdefinitions.JobPageSteps.user_sees_complete_info()
Screenshot taken: /home/ubuntu/Desktop/forest.ai/automation_script/screenshots/Verify success upload cv by drag and drop_20240926120415.png
]]></system-out>
  </testcase>
  <testcase name="runScenario[&quot;Verify success info after job application&quot;, &quot;Job Application&quot;](9)" classname="runner.TestRunner" time="7.213">
    <system-out><![CDATA[
@job_application
Scenario: Verify success info after job application # src/test/resources/features/job.feature:25
  Given User opens qa engineer job                  # stepdefinitions.JobPageSteps.user_open_qa_engineer_job()
  When User apply the job                           # stepdefinitions.JobPageSteps.user_apply_the_job()
  When User fills personal data                     # stepdefinitions.JobPageSteps.user_fills_personal_data()
  When User uploads cv                              # stepdefinitions.JobPageSteps.user_uploads_cv()
  When User sets cover letter                       # stepdefinitions.JobPageSteps.user_sets_cover_letter()
  When User submit job application                  # stepdefinitions.JobPageSteps.user_submit_job_application()
  Then User sees success submit info                # stepdefinitions.JobPageSteps.user_sees_success_submit_info()
]]></system-out>
  </testcase>
  <testcase name="runScenario[&quot;Verify validation for empty name&quot;, &quot;Job Application&quot;](10)" classname="runner.TestRunner" time="2.571">
    <system-out><![CDATA[
@job_application
Scenario: Verify validation for empty name # src/test/resources/features/job.feature:34
  Given User opens qa engineer job         # stepdefinitions.JobPageSteps.user_open_qa_engineer_job()
  When User apply the job                  # stepdefinitions.JobPageSteps.user_apply_the_job()
  When User fills empty name               # stepdefinitions.JobPageSteps.user_fills_empty_name()
  Then User sees empty name validation     # stepdefinitions.JobPageSteps.user_sees_empty_name_validation()
]]></system-out>
  </testcase>
  <testcase name="runScenario[&quot;Verify validation for empty email&quot;, &quot;Job Application&quot;](11)" classname="runner.TestRunner" time="2.639">
    <system-out><![CDATA[
@job_application
Scenario: Verify validation for empty email # src/test/resources/features/job.feature:40
  Given User opens qa engineer job          # stepdefinitions.JobPageSteps.user_open_qa_engineer_job()
  When User apply the job                   # stepdefinitions.JobPageSteps.user_apply_the_job()
  When User fills empty email               # stepdefinitions.JobPageSteps.user_fills_empty_email()
  Then User sees empty email validation     # stepdefinitions.JobPageSteps.user_sees_empty_email_validation()
]]></system-out>
  </testcase>
  <testcase name="runScenario[&quot;Verify validation for empty code&quot;, &quot;Job Application&quot;](12)" classname="runner.TestRunner" time="2.608">
    <system-out><![CDATA[
@job_application
Scenario: Verify validation for empty code # src/test/resources/features/job.feature:46
  Given User opens qa engineer job         # stepdefinitions.JobPageSteps.user_open_qa_engineer_job()
  When User apply the job                  # stepdefinitions.JobPageSteps.user_apply_the_job()
  When User fills empty code               # stepdefinitions.JobPageSteps.user_fills_empty_code()
  Then User sees empty code validation     # stepdefinitions.JobPageSteps.user_sees_empty_code_validation()
]]></system-out>
  </testcase>
  <testcase name="runScenario[&quot;Verify validation for empty phone number&quot;, &quot;Job Application&quot;](13)" classname="runner.TestRunner" time="2.658">
    <system-out><![CDATA[
@job_application
Scenario: Verify validation for empty phone number # src/test/resources/features/job.feature:52
  Given User opens qa engineer job                 # stepdefinitions.JobPageSteps.user_open_qa_engineer_job()
  When User apply the job                          # stepdefinitions.JobPageSteps.user_apply_the_job()
  When User fills empty phone                      # stepdefinitions.JobPageSteps.user_fills_empty_phone()
  Then User sees empty phone validation            # stepdefinitions.JobPageSteps.user_sees_empty_phone_validation()
]]></system-out>
  </testcase>
  <testcase name="runScenario[&quot;Verify validation for not upload cv&quot;, &quot;Job Application&quot;](14)" classname="runner.TestRunner" time="2.759">
    <system-out><![CDATA[
@job_application
Scenario: Verify validation for not upload cv # src/test/resources/features/job.feature:58
  Given User opens qa engineer job            # stepdefinitions.JobPageSteps.user_open_qa_engineer_job()
  When User apply the job                     # stepdefinitions.JobPageSteps.user_apply_the_job()
  When User fills personal data               # stepdefinitions.JobPageSteps.user_fills_personal_data()
  When User does not upload cv                # stepdefinitions.JobPageSteps.user_does_not_upload_cv()
  Then User sees error info not upload cv     # stepdefinitions.JobPageSteps.user_sees_error_info_not_upload_cv()
]]></system-out>
  </testcase>
</testsuite>